14118444 14719129
5538252 64508047
8596922 14118444
14118444 403518639
14645160 403518639
7888452 403518639
5538252 403518639
5538252 156150881
14645160 156150881
8596922 53235381
7888452 14944566
7888452 53235381
14645160 14944566
5538252 14944566
8596922 14944566
7888452 14719129
5538252 14719129
14645160 14719129
14645160 53235381
14719129 53235381
5538252 53235381
5538252 7888452
5538252 8596922
5538252 14645160
7888452 8596922
7888452 14645160
8596922 14645160
14118444 64508047
14719129 14944566 53235381 156150881 403518639 14118444-64508047 5538252-7888452-8596922-14645160