33423 20536157
33423 98726492
989 33423
33423 7230842
12196292 26379842
17524072 25875012
20536157 26379842
25875012 26379842
14871359 25875012
17524072 26379842
14871359 17524072
14871359 26379842
989 14871359
14313021 14871359
20536157 98726492
17524072 98726492
989 17524072
989 20536157
17524072 20536157
20536157 93957809
14313021 93957809
7230842 93957809
14313021 17524072
14313021 20536157
7230842 14313021
7230842 17524072
7230842 20536157
989 93957809
33423 100481103
7230842 12196292 14313021 14871359 14989226 17524072 20536157 25875012 26379842 29420247 76394197 80055873 98726492 989-93957809 33423-100481103