16004862 19725644
643653 4923341
813286 4923341
643653 3564041
643653 16004862
813286 16004862
813286 17042014
17042014 18140613
19725644 22151193
19725644 182747810
690623 813286
813286 14880990
813286 18140613
813286 443478494
16169757 17042014
17042014 22151193
17042014 182747810
3564041 19725644
19725644 28583197
643653 65063494
4923341 16004862
14189809 25912403
14189809 61534862
16092470 17795198
18996951 42857170
25912403 61534862
15099002 16078147 19013051 21721004 28718612 31021178 37287122 123589515 140850359 178799665 192577112 292385306 381518300 643653-65063494 4923341-16004862 16092470-17795198 18996951-42857170 3564041-19725644-28583197 14189809-25912403-61534862 16169757-17042014-22151193-182747810 690623-813286-14880990-18140613-443478494