6932712 7888452
6932712 14137582
6932712 241635675
7888452 10386142
14137582 15092581
7888452 14645160
7888452 15092581
14645160 15092581
14645160 234171367
48436234 241635675
14645160 241635675
2898611 14137582
14137582 209208010
2898611 241635675
209208010 241635675
7888452 193022312
7888452 234171367
14137582 234171367
14137582 280650037
234171367 241635675
193022312 280650037
241635675 280650037
7888452 14137582
7888452 280650037
7888452 241635675
2898611 209208010
6932712 366815722
14137582 193022312
14137582 241635675
14645160 48436234
193022312 241635675
7888452 10386142 15092581 234171367 280650037 2898611-209208010 6932712-366815722 14645160-48436234 14137582-193022312-241635675